2023-05-15 06:24:32,649 ERROR server Некорректно указаны порт и адрес. Присвоены стандартные значения. 
 Порт: 7777
, IP-адрес: 127.0.0.1
2023-05-15 06:24:32,649 DEBUG server Сервер ожидает подключения
2023-05-15 06:25:12,108 DEBUG decorators Зафиксировано обращение к функции create_response_to_client . Аргументы функции: ({'action': 'presence', 'time': 'Mon May 15 06:25:11 2023', 'user': {'account_name': 'Vadim'}},), {}.
2023-05-15 06:25:12,111 DEBUG decorators Вызов осуществлен из функции main
2023-05-15 06:26:12,104 DEBUG decorators Зафиксировано обращение к функции create_response_to_client . Аргументы функции: ({'action': 'presence', 'time': 'Mon May 15 06:26:11 2023', 'user': {'account_name': 'Vadim'}},), {}.
2023-05-15 06:26:12,104 DEBUG decorators Вызов осуществлен из функции main
2023-05-15 06:26:19,394 DEBUG decorators Зафиксировано обращение к функции create_response_to_client . Аргументы функции: ({'action': 'presence', 'time': 'Mon May 15 06:26:16 2023', 'user': {'account_name': 'Vadim'}, 'mes': '3'},), {}.
2023-05-15 06:26:19,395 DEBUG decorators Вызов осуществлен из функции main
2023-05-15 06:26:36,827 DEBUG decorators Зафиксировано обращение к функции create_response_to_client . Аргументы функции: ({'action': 'presence', 'time': 'Mon May 15 06:26:19 2023', 'user': {'account_name': 'Vadim'}, 'mes': 'hello another client'},), {}.
2023-05-15 06:26:36,828 DEBUG decorators Вызов осуществлен из функции main
2023-05-15 06:32:17,268 ERROR server Некорректно указаны порт и адрес. Присвоены стандартные значения. 
 Порт: 7777
, IP-адрес: 127.0.0.1
2023-05-15 06:32:17,268 DEBUG server Сервер ожидает подключения
2023-05-15 06:32:21,840 DEBUG decorators Зафиксировано обращение к функции create_response_to_client . Аргументы функции: ({'action': 'presence', 'time': 'Mon May 15 06:32:21 2023', 'user': {'account_name': 'Vadim'}},), {}.
2023-05-15 06:32:21,843 DEBUG decorators Вызов осуществлен из функции main
2023-05-15 06:32:28,633 DEBUG decorators Зафиксировано обращение к функции create_response_to_client . Аргументы функции: ({'action': 'presence', 'time': 'Mon May 15 06:32:25 2023', 'user': {'account_name': 'Vadim'}, 'mes': 'ff'},), {}.
2023-05-15 06:32:28,633 DEBUG decorators Вызов осуществлен из функции main
