2023-05-15 06:24:32,649 ERROR server Некорректно указаны порт и адрес. Присвоены стандартные значения. 
 Порт: 7777
, IP-адрес: 127.0.0.1
2023-05-15 06:24:32,649 DEBUG server Сервер ожидает подключения
2023-05-15 06:25:12,108 DEBUG decorators Зафиксировано обращение к функции create_response_to_client . Аргументы функции: ({'action': 'presence', 'time': 'Mon May 15 06:25:11 2023', 'user': {'account_name': 'Vadim'}},), {}.
2023-05-15 06:25:12,111 DEBUG decorators Вызов осуществлен из функции main
2023-05-15 06:26:12,104 DEBUG decorators Зафиксировано обращение к функции create_response_to_client . Аргументы функции: ({'action': 'presence', 'time': 'Mon May 15 06:26:11 2023', 'user': {'account_name': 'Vadim'}},), {}.
2023-05-15 06:26:12,104 DEBUG decorators Вызов осуществлен из функции main
2023-05-15 06:26:19,394 DEBUG decorators Зафиксировано обращение к функции create_response_to_client . Аргументы функции: ({'action': 'presence', 'time': 'Mon May 15 06:26:16 2023', 'user': {'account_name': 'Vadim'}, 'mes': '3'},), {}.
2023-05-15 06:26:19,395 DEBUG decorators Вызов осуществлен из функции main
2023-05-15 06:26:36,827 DEBUG decorators Зафиксировано обращение к функции create_response_to_client . Аргументы функции: ({'action': 'presence', 'time': 'Mon May 15 06:26:19 2023', 'user': {'account_name': 'Vadim'}, 'mes': 'hello another client'},), {}.
2023-05-15 06:26:36,828 DEBUG decorators Вызов осуществлен из функции main
2023-05-15 06:32:17,268 ERROR server Некорректно указаны порт и адрес. Присвоены стандартные значения. 
 Порт: 7777
, IP-адрес: 127.0.0.1
2023-05-15 06:32:17,268 DEBUG server Сервер ожидает подключения
2023-05-15 06:32:21,840 DEBUG decorators Зафиксировано обращение к функции create_response_to_client . Аргументы функции: ({'action': 'presence', 'time': 'Mon May 15 06:32:21 2023', 'user': {'account_name': 'Vadim'}},), {}.
2023-05-15 06:32:21,843 DEBUG decorators Вызов осуществлен из функции main
2023-05-15 06:32:28,633 DEBUG decorators Зафиксировано обращение к функции create_response_to_client . Аргументы функции: ({'action': 'presence', 'time': 'Mon May 15 06:32:25 2023', 'user': {'account_name': 'Vadim'}, 'mes': 'ff'},), {}.
2023-05-15 06:32:28,633 DEBUG decorators Вызов осуществлен из функции main
2023-05-15 06:39:09,494 ERROR server Некорректно указаны порт и адрес. Присвоены стандартные значения. 
 Порт: 7777
, IP-адрес: 127.0.0.1
2023-05-15 06:39:09,494 DEBUG server Сервер ожидает подключения
2023-05-15 06:39:14,233 DEBUG decorators Зафиксировано обращение к функции create_response_to_client . Аргументы функции: ({'action': 'presence', 'time': 'Mon May 15 06:39:14 2023', 'user': {'account_name': 'Vadim'}},), {}.
2023-05-15 06:39:14,236 DEBUG decorators Вызов осуществлен из функции main
2023-05-15 06:39:25,366 DEBUG decorators Зафиксировано обращение к функции create_response_to_client . Аргументы функции: ({'action': 'presence', 'time': 'Mon May 15 06:39:21 2023', 'user': {'account_name': 'Vadim'}, 'mes': '35'},), {}.
2023-05-15 06:39:25,367 DEBUG decorators Вызов осуществлен из функции main
2023-05-15 06:44:53,282 DEBUG decorators Зафиксировано обращение к функции create_response_to_client . Аргументы функции: ({'action': 'presence', 'time': 'Mon May 15 06:44:50 2023', 'user': {'account_name': 'Vadim'}, 'mes': '40'},), {}.
2023-05-15 06:44:53,282 DEBUG decorators Вызов осуществлен из функции main
2023-05-15 06:44:55,887 DEBUG decorators Зафиксировано обращение к функции create_response_to_client . Аргументы функции: ({'action': 'presence', 'time': 'Mon May 15 06:44:53 2023', 'user': {'account_name': 'Vadim'}, 'mes': '21'},), {}.
2023-05-15 06:44:55,888 DEBUG decorators Вызов осуществлен из функции main
2023-05-15 06:45:30,358 DEBUG decorators Зафиксировано обращение к функции create_response_to_client . Аргументы функции: ({'action': 'presence', 'time': 'Mon May 15 06:45:24 2023', 'user': {'account_name': 'Vadim'}, 'mes': '40'},), {}.
2023-05-15 06:45:30,358 DEBUG decorators Вызов осуществлен из функции main
2023-05-15 06:45:41,983 DEBUG decorators Зафиксировано обращение к функции create_response_to_client . Аргументы функции: ({'action': 'presence', 'time': 'Mon May 15 06:45:30 2023', 'user': {'account_name': 'Vadim'}, 'mes': '0'},), {}.
2023-05-15 06:45:41,983 DEBUG decorators Вызов осуществлен из функции main
2023-05-15 06:45:47,769 DEBUG decorators Зафиксировано обращение к функции create_response_to_client . Аргументы функции: ({'action': 'presence', 'time': 'Mon May 15 06:45:46 2023', 'user': {'account_name': 'Vadim'}, 'mes': '3'},), {}.
2023-05-15 06:45:47,770 DEBUG decorators Вызов осуществлен из функции main
2023-05-15 06:45:48,372 DEBUG decorators Зафиксировано обращение к функции create_response_to_client . Аргументы функции: ({'action': 'presence', 'time': 'Mon May 15 06:45:47 2023', 'user': {'account_name': 'Vadim'}, 'mes': '3'},), {}.
2023-05-15 06:45:48,372 DEBUG decorators Вызов осуществлен из функции main
2023-05-15 06:45:52,550 DEBUG decorators Зафиксировано обращение к функции create_response_to_client . Аргументы функции: ({'action': 'presence', 'time': 'Mon May 15 06:45:51 2023', 'user': {'account_name': 'Vadim'}, 'mes': '4'},), {}.
2023-05-15 06:45:52,550 DEBUG decorators Вызов осуществлен из функции main
2023-05-15 06:45:52,951 DEBUG decorators Зафиксировано обращение к функции create_response_to_client . Аргументы функции: ({'action': 'presence', 'time': 'Mon May 15 06:45:52 2023', 'user': {'account_name': 'Vadim'}, 'mes': '4'},), {}.
2023-05-15 06:45:52,951 DEBUG decorators Вызов осуществлен из функции main
2023-05-15 07:03:16,133 DEBUG decorators Зафиксировано обращение к функции create_response_to_client . Аргументы функции: ({'action': 'presence', 'time': 'Mon May 15 07:03:15 2023', 'user': {'account_name': 'Vadim'}},), {}.
2023-05-15 07:03:16,134 DEBUG decorators Вызов осуществлен из функции main
2023-05-15 07:03:16,334 DEBUG decorators Зафиксировано обращение к функции create_response_to_client . Аргументы функции: ({'action': 'presence', 'time': 'Mon May 15 07:03:16 2023', 'user': {'account_name': 'Vadim'}},), {}.
2023-05-15 07:03:16,335 DEBUG decorators Вызов осуществлен из функции main
2023-05-15 07:04:05,493 DEBUG decorators Зафиксировано обращение к функции create_response_to_client . Аргументы функции: ({'action': 'presence', 'time': 'Mon May 15 07:04:05 2023', 'user': {'account_name': 'Vadim'}},), {}.
2023-05-15 07:04:05,493 DEBUG decorators Вызов осуществлен из функции main
2023-05-15 07:04:05,694 DEBUG decorators Зафиксировано обращение к функции create_response_to_client . Аргументы функции: ({'action': 'presence', 'time': 'Mon May 15 07:04:05 2023', 'user': {'account_name': 'Vadim'}},), {}.
2023-05-15 07:04:05,694 DEBUG decorators Вызов осуществлен из функции main
2023-05-15 07:04:21,112 DEBUG decorators Зафиксировано обращение к функции create_response_to_client . Аргументы функции: ({'action': 'presence', 'time': 'Mon May 15 07:04:20 2023', 'user': {'account_name': 'Vadim'}},), {}.
2023-05-15 07:04:21,112 DEBUG decorators Вызов осуществлен из функции main
2023-05-15 07:04:21,313 DEBUG decorators Зафиксировано обращение к функции create_response_to_client . Аргументы функции: ({'action': 'presence', 'time': 'Mon May 15 07:04:21 2023', 'user': {'account_name': 'Vadim'}},), {}.
2023-05-15 07:04:21,313 DEBUG decorators Вызов осуществлен из функции main
2023-05-15 07:04:35,232 DEBUG decorators Зафиксировано обращение к функции create_response_to_client . Аргументы функции: ({'action': 'presence', 'time': 'Mon May 15 07:04:32 2023', 'user': {'account_name': 'Vadim'}, 'mes': '50'},), {}.
2023-05-15 07:04:35,233 DEBUG decorators Вызов осуществлен из функции main
2023-05-15 07:04:47,322 DEBUG decorators Зафиксировано обращение к функции create_response_to_client . Аргументы функции: ({'action': 'presence', 'time': 'Mon May 15 07:04:47 2023', 'user': {'account_name': 'Vadim'}},), {}.
2023-05-15 07:04:47,323 DEBUG decorators Вызов осуществлен из функции main
2023-05-15 07:04:47,523 DEBUG decorators Зафиксировано обращение к функции create_response_to_client . Аргументы функции: ({'action': 'presence', 'time': 'Mon May 15 07:04:47 2023', 'user': {'account_name': 'Vadim'}},), {}.
2023-05-15 07:04:47,524 DEBUG decorators Вызов осуществлен из функции main
2023-05-15 07:13:58,181 DEBUG decorators Зафиксировано обращение к функции create_response_to_client . Аргументы функции: ({'action': 'presence', 'time': 'Mon May 15 07:13:57 2023', 'user': {'account_name': 'Vadim'}},), {}.
2023-05-15 07:13:58,182 DEBUG decorators Вызов осуществлен из функции main
2023-05-15 07:13:58,382 DEBUG decorators Зафиксировано обращение к функции create_response_to_client . Аргументы функции: ({'action': 'presence', 'time': 'Mon May 15 07:13:58 2023', 'user': {'account_name': 'Vadim'}},), {}.
2023-05-15 07:13:58,383 DEBUG decorators Вызов осуществлен из функции main
2023-05-15 07:13:58,583 DEBUG decorators Зафиксировано обращение к функции create_response_to_client . Аргументы функции: ({'action': 'presence', 'time': 'Mon May 15 07:13:58 2023', 'user': {'account_name': 'Vadim'}},), {}.
2023-05-15 07:13:58,583 DEBUG decorators Вызов осуществлен из функции main
2023-05-15 07:13:58,784 DEBUG decorators Зафиксировано обращение к функции create_response_to_client . Аргументы функции: ({'action': 'presence', 'time': 'Mon May 15 07:13:58 2023', 'user': {'account_name': 'Vadim'}},), {}.
2023-05-15 07:13:58,784 DEBUG decorators Вызов осуществлен из функции main
2023-05-15 07:13:58,985 DEBUG decorators Зафиксировано обращение к функции create_response_to_client . Аргументы функции: ({'action': 'presence', 'time': 'Mon May 15 07:13:58 2023', 'user': {'account_name': 'Vadim'}},), {}.
2023-05-15 07:13:58,985 DEBUG decorators Вызов осуществлен из функции main
2023-05-15 07:13:59,185 DEBUG decorators Зафиксировано обращение к функции create_response_to_client . Аргументы функции: ({'action': 'presence', 'time': 'Mon May 15 07:13:58 2023', 'user': {'account_name': 'Vadim'}},), {}.
2023-05-15 07:13:59,186 DEBUG decorators Вызов осуществлен из функции main
2023-05-15 07:13:59,386 DEBUG decorators Зафиксировано обращение к функции create_response_to_client . Аргументы функции: ({'action': 'presence', 'time': 'Mon May 15 07:13:59 2023', 'user': {'account_name': 'Vadim'}},), {}.
2023-05-15 07:13:59,387 DEBUG decorators Вызов осуществлен из функции main
2023-05-15 07:13:59,587 DEBUG decorators Зафиксировано обращение к функции create_response_to_client . Аргументы функции: ({'action': 'presence', 'time': 'Mon May 15 07:13:59 2023', 'user': {'account_name': 'Vadim'}},), {}.
2023-05-15 07:13:59,588 DEBUG decorators Вызов осуществлен из функции main
2023-05-15 07:13:59,788 DEBUG decorators Зафиксировано обращение к функции create_response_to_client . Аргументы функции: ({'action': 'presence', 'time': 'Mon May 15 07:13:59 2023', 'user': {'account_name': 'Vadim'}},), {}.
2023-05-15 07:13:59,789 DEBUG decorators Вызов осуществлен из функции main
2023-05-15 07:13:59,989 DEBUG decorators Зафиксировано обращение к функции create_response_to_client . Аргументы функции: ({'action': 'presence', 'time': 'Mon May 15 07:13:59 2023', 'user': {'account_name': 'Vadim'}},), {}.
2023-05-15 07:13:59,990 DEBUG decorators Вызов осуществлен из функции main
2023-05-15 07:14:00,190 DEBUG decorators Зафиксировано обращение к функции create_response_to_client . Аргументы функции: ({'action': 'presence', 'time': 'Mon May 15 07:13:59 2023', 'user': {'account_name': 'Vadim'}},), {}.
2023-05-15 07:14:00,191 DEBUG decorators Вызов осуществлен из функции main
2023-05-15 07:14:00,391 DEBUG decorators Зафиксировано обращение к функции create_response_to_client . Аргументы функции: ({'action': 'presence', 'time': 'Mon May 15 07:14:00 2023', 'user': {'account_name': 'Vadim'}},), {}.
2023-05-15 07:14:00,391 DEBUG decorators Вызов осуществлен из функции main
2023-05-15 07:14:00,592 DEBUG decorators Зафиксировано обращение к функции create_response_to_client . Аргументы функции: ({'action': 'presence', 'time': 'Mon May 15 07:14:00 2023', 'user': {'account_name': 'Vadim'}},), {}.
2023-05-15 07:14:00,592 DEBUG decorators Вызов осуществлен из функции main
2023-05-15 07:14:00,793 DEBUG decorators Зафиксировано обращение к функции create_response_to_client . Аргументы функции: ({'action': 'presence', 'time': 'Mon May 15 07:14:00 2023', 'user': {'account_name': 'Vadim'}},), {}.
2023-05-15 07:14:00,793 DEBUG decorators Вызов осуществлен из функции main
2023-05-15 07:14:00,994 DEBUG decorators Зафиксировано обращение к функции create_response_to_client . Аргументы функции: ({'action': 'presence', 'time': 'Mon May 15 07:14:00 2023', 'user': {'account_name': 'Vadim'}},), {}.
2023-05-15 07:14:00,994 DEBUG decorators Вызов осуществлен из функции main
2023-05-15 07:14:01,195 DEBUG decorators Зафиксировано обращение к функции create_response_to_client . Аргументы функции: ({'action': 'presence', 'time': 'Mon May 15 07:14:00 2023', 'user': {'account_name': 'Vadim'}},), {}.
2023-05-15 07:14:01,195 DEBUG decorators Вызов осуществлен из функции main
2023-05-15 07:14:01,395 DEBUG decorators Зафиксировано обращение к функции create_response_to_client . Аргументы функции: ({'action': 'presence', 'time': 'Mon May 15 07:14:01 2023', 'user': {'account_name': 'Vadim'}},), {}.
2023-05-15 07:14:01,396 DEBUG decorators Вызов осуществлен из функции main
2023-05-15 07:14:01,596 DEBUG decorators Зафиксировано обращение к функции create_response_to_client . Аргументы функции: ({'action': 'presence', 'time': 'Mon May 15 07:14:01 2023', 'user': {'account_name': 'Vadim'}},), {}.
2023-05-15 07:14:01,597 DEBUG decorators Вызов осуществлен из функции main
2023-05-15 07:14:01,797 DEBUG decorators Зафиксировано обращение к функции create_response_to_client . Аргументы функции: ({'action': 'presence', 'time': 'Mon May 15 07:14:01 2023', 'user': {'account_name': 'Vadim'}},), {}.
2023-05-15 07:14:01,798 DEBUG decorators Вызов осуществлен из функции main
2023-05-15 07:14:01,998 DEBUG decorators Зафиксировано обращение к функции create_response_to_client . Аргументы функции: ({'action': 'presence', 'time': 'Mon May 15 07:14:01 2023', 'user': {'account_name': 'Vadim'}},), {}.
2023-05-15 07:14:01,998 DEBUG decorators Вызов осуществлен из функции main
2023-05-15 07:14:02,199 DEBUG decorators Зафиксировано обращение к функции create_response_to_client . Аргументы функции: ({'action': 'presence', 'time': 'Mon May 15 07:14:01 2023', 'user': {'account_name': 'Vadim'}},), {}.
2023-05-15 07:14:02,199 DEBUG decorators Вызов осуществлен из функции main
2023-05-15 07:14:02,400 DEBUG decorators Зафиксировано обращение к функции create_response_to_client . Аргументы функции: ({'action': 'presence', 'time': 'Mon May 15 07:14:02 2023', 'user': {'account_name': 'Vadim'}},), {}.
2023-05-15 07:14:02,400 DEBUG decorators Вызов осуществлен из функции main
2023-05-15 07:14:02,600 DEBUG decorators Зафиксировано обращение к функции create_response_to_client . Аргументы функции: ({'action': 'presence', 'time': 'Mon May 15 07:14:02 2023', 'user': {'account_name': 'Vadim'}},), {}.
2023-05-15 07:14:02,601 DEBUG decorators Вызов осуществлен из функции main
2023-05-15 07:14:02,801 DEBUG decorators Зафиксировано обращение к функции create_response_to_client . Аргументы функции: ({'action': 'presence', 'time': 'Mon May 15 07:14:02 2023', 'user': {'account_name': 'Vadim'}},), {}.
2023-05-15 07:14:02,801 DEBUG decorators Вызов осуществлен из функции main
2023-05-15 07:14:03,002 DEBUG decorators Зафиксировано обращение к функции create_response_to_client . Аргументы функции: ({'action': 'presence', 'time': 'Mon May 15 07:14:02 2023', 'user': {'account_name': 'Vadim'}},), {}.
2023-05-15 07:14:03,002 DEBUG decorators Вызов осуществлен из функции main
2023-05-15 07:14:03,203 DEBUG decorators Зафиксировано обращение к функции create_response_to_client . Аргументы функции: ({'action': 'presence', 'time': 'Mon May 15 07:14:03 2023', 'user': {'account_name': 'Vadim'}},), {}.
2023-05-15 07:14:03,203 DEBUG decorators Вызов осуществлен из функции main
2023-05-15 07:14:03,404 DEBUG decorators Зафиксировано обращение к функции create_response_to_client . Аргументы функции: ({'action': 'presence', 'time': 'Mon May 15 07:14:03 2023', 'user': {'account_name': 'Vadim'}},), {}.
2023-05-15 07:14:03,404 DEBUG decorators Вызов осуществлен из функции main
2023-05-15 07:14:03,605 DEBUG decorators Зафиксировано обращение к функции create_response_to_client . Аргументы функции: ({'action': 'presence', 'time': 'Mon May 15 07:14:03 2023', 'user': {'account_name': 'Vadim'}},), {}.
2023-05-15 07:14:03,605 DEBUG decorators Вызов осуществлен из функции main
2023-05-15 07:14:03,806 DEBUG decorators Зафиксировано обращение к функции create_response_to_client . Аргументы функции: ({'action': 'presence', 'time': 'Mon May 15 07:14:03 2023', 'user': {'account_name': 'Vadim'}},), {}.
2023-05-15 07:14:03,806 DEBUG decorators Вызов осуществлен из функции main
2023-05-15 07:14:04,007 DEBUG decorators Зафиксировано обращение к функции create_response_to_client . Аргументы функции: ({'action': 'presence', 'time': 'Mon May 15 07:14:03 2023', 'user': {'account_name': 'Vadim'}},), {}.
2023-05-15 07:14:04,007 DEBUG decorators Вызов осуществлен из функции main
2023-05-15 07:14:04,208 DEBUG decorators Зафиксировано обращение к функции create_response_to_client . Аргументы функции: ({'action': 'presence', 'time': 'Mon May 15 07:14:04 2023', 'user': {'account_name': 'Vadim'}},), {}.
2023-05-15 07:14:04,208 DEBUG decorators Вызов осуществлен из функции main
2023-05-15 07:14:04,409 DEBUG decorators Зафиксировано обращение к функции create_response_to_client . Аргументы функции: ({'action': 'presence', 'time': 'Mon May 15 07:14:04 2023', 'user': {'account_name': 'Vadim'}},), {}.
2023-05-15 07:14:04,409 DEBUG decorators Вызов осуществлен из функции main
2023-05-15 07:14:04,610 DEBUG decorators Зафиксировано обращение к функции create_response_to_client . Аргументы функции: ({'action': 'presence', 'time': 'Mon May 15 07:14:04 2023', 'user': {'account_name': 'Vadim'}},), {}.
2023-05-15 07:14:04,610 DEBUG decorators Вызов осуществлен из функции main
2023-05-15 07:14:04,811 DEBUG decorators Зафиксировано обращение к функции create_response_to_client . Аргументы функции: ({'action': 'presence', 'time': 'Mon May 15 07:14:04 2023', 'user': {'account_name': 'Vadim'}},), {}.
2023-05-15 07:14:04,811 DEBUG decorators Вызов осуществлен из функции main
2023-05-15 07:14:05,012 DEBUG decorators Зафиксировано обращение к функции create_response_to_client . Аргументы функции: ({'action': 'presence', 'time': 'Mon May 15 07:14:04 2023', 'user': {'account_name': 'Vadim'}},), {}.
2023-05-15 07:14:05,012 DEBUG decorators Вызов осуществлен из функции main
2023-05-15 07:14:05,213 DEBUG decorators Зафиксировано обращение к функции create_response_to_client . Аргументы функции: ({'action': 'presence', 'time': 'Mon May 15 07:14:05 2023', 'user': {'account_name': 'Vadim'}},), {}.
2023-05-15 07:14:05,214 DEBUG decorators Вызов осуществлен из функции main
2023-05-15 07:14:05,414 DEBUG decorators Зафиксировано обращение к функции create_response_to_client . Аргументы функции: ({'action': 'presence', 'time': 'Mon May 15 07:14:05 2023', 'user': {'account_name': 'Vadim'}},), {}.
2023-05-15 07:14:05,415 DEBUG decorators Вызов осуществлен из функции main
2023-05-15 07:14:05,615 DEBUG decorators Зафиксировано обращение к функции create_response_to_client . Аргументы функции: ({'action': 'presence', 'time': 'Mon May 15 07:14:05 2023', 'user': {'account_name': 'Vadim'}},), {}.
2023-05-15 07:14:05,616 DEBUG decorators Вызов осуществлен из функции main
2023-05-15 07:14:05,816 DEBUG decorators Зафиксировано обращение к функции create_response_to_client . Аргументы функции: ({'action': 'presence', 'time': 'Mon May 15 07:14:05 2023', 'user': {'account_name': 'Vadim'}},), {}.
2023-05-15 07:14:05,816 DEBUG decorators Вызов осуществлен из функции main
2023-05-15 07:14:06,017 DEBUG decorators Зафиксировано обращение к функции create_response_to_client . Аргументы функции: ({'action': 'presence', 'time': 'Mon May 15 07:14:05 2023', 'user': {'account_name': 'Vadim'}},), {}.
2023-05-15 07:14:06,018 DEBUG decorators Вызов осуществлен из функции main
2023-05-15 07:14:06,218 DEBUG decorators Зафиксировано обращение к функции create_response_to_client . Аргументы функции: ({'action': 'presence', 'time': 'Mon May 15 07:14:06 2023', 'user': {'account_name': 'Vadim'}},), {}.
2023-05-15 07:14:06,219 DEBUG decorators Вызов осуществлен из функции main
2023-05-15 07:14:06,419 DEBUG decorators Зафиксировано обращение к функции create_response_to_client . Аргументы функции: ({'action': 'presence', 'time': 'Mon May 15 07:14:06 2023', 'user': {'account_name': 'Vadim'}},), {}.
2023-05-15 07:14:06,419 DEBUG decorators Вызов осуществлен из функции main
2023-05-15 07:14:06,620 DEBUG decorators Зафиксировано обращение к функции create_response_to_client . Аргументы функции: ({'action': 'presence', 'time': 'Mon May 15 07:14:06 2023', 'user': {'account_name': 'Vadim'}},), {}.
2023-05-15 07:14:06,620 DEBUG decorators Вызов осуществлен из функции main
2023-05-15 07:14:06,821 DEBUG decorators Зафиксировано обращение к функции create_response_to_client . Аргументы функции: ({'action': 'presence', 'time': 'Mon May 15 07:14:06 2023', 'user': {'account_name': 'Vadim'}},), {}.
2023-05-15 07:14:06,821 DEBUG decorators Вызов осуществлен из функции main
2023-05-15 07:21:33,436 DEBUG decorators Зафиксировано обращение к функции create_response_to_client . Аргументы функции: ({'action': 'presence', 'time': 'Mon May 15 07:21:30 2023', 'user': {'account_name': 'Vadim'}, 'mes': '50'},), {}.
2023-05-15 07:21:33,436 DEBUG decorators Вызов осуществлен из функции main
2023-05-15 07:21:34,838 DEBUG decorators Зафиксировано обращение к функции create_response_to_client . Аргументы функции: ({'action': 'presence', 'time': 'Mon May 15 07:21:33 2023', 'user': {'account_name': 'Vadim'}, 'mes': '40'},), {}.
2023-05-15 07:21:34,838 DEBUG decorators Вызов осуществлен из функции main
2023-05-15 07:21:36,442 DEBUG decorators Зафиксировано обращение к функции create_response_to_client . Аргументы функции: ({'action': 'presence', 'time': 'Mon May 15 07:21:34 2023', 'user': {'account_name': 'Vadim'}, 'mes': '30'},), {}.
2023-05-15 07:21:36,442 DEBUG decorators Вызов осуществлен из функции main
2023-05-15 07:23:13,645 DEBUG decorators Зафиксировано обращение к функции create_response_to_client . Аргументы функции: ({'action': 'presence', 'time': 'Mon May 15 07:23:13 2023', 'user': {'account_name': 'Vadim'}},), {}.
2023-05-15 07:23:13,645 DEBUG decorators Вызов осуществлен из функции main
2023-05-15 07:23:13,846 DEBUG decorators Зафиксировано обращение к функции create_response_to_client . Аргументы функции: ({'action': 'presence', 'time': 'Mon May 15 07:23:13 2023', 'user': {'account_name': 'Vadim'}},), {}.
2023-05-15 07:23:13,846 DEBUG decorators Вызов осуществлен из функции main
2023-05-15 07:23:14,047 DEBUG decorators Зафиксировано обращение к функции create_response_to_client . Аргументы функции: ({'action': 'presence', 'time': 'Mon May 15 07:23:13 2023', 'user': {'account_name': 'Vadim'}},), {}.
2023-05-15 07:23:14,047 DEBUG decorators Вызов осуществлен из функции main
2023-05-15 07:23:14,248 DEBUG decorators Зафиксировано обращение к функции create_response_to_client . Аргументы функции: ({'action': 'presence', 'time': 'Mon May 15 07:23:14 2023', 'user': {'account_name': 'Vadim'}},), {}.
2023-05-15 07:23:14,248 DEBUG decorators Вызов осуществлен из функции main
2023-05-15 07:23:14,449 DEBUG decorators Зафиксировано обращение к функции create_response_to_client . Аргументы функции: ({'action': 'presence', 'time': 'Mon May 15 07:23:14 2023', 'user': {'account_name': 'Vadim'}},), {}.
2023-05-15 07:23:14,449 DEBUG decorators Вызов осуществлен из функции main
2023-05-15 07:23:14,650 DEBUG decorators Зафиксировано обращение к функции create_response_to_client . Аргументы функции: ({'action': 'presence', 'time': 'Mon May 15 07:23:14 2023', 'user': {'account_name': 'Vadim'}},), {}.
2023-05-15 07:23:14,650 DEBUG decorators Вызов осуществлен из функции main
2023-05-15 07:23:14,851 DEBUG decorators Зафиксировано обращение к функции create_response_to_client . Аргументы функции: ({'action': 'presence', 'time': 'Mon May 15 07:23:14 2023', 'user': {'account_name': 'Vadim'}},), {}.
2023-05-15 07:23:14,851 DEBUG decorators Вызов осуществлен из функции main
2023-05-15 07:23:15,052 DEBUG decorators Зафиксировано обращение к функции create_response_to_client . Аргументы функции: ({'action': 'presence', 'time': 'Mon May 15 07:23:14 2023', 'user': {'account_name': 'Vadim'}},), {}.
2023-05-15 07:23:15,052 DEBUG decorators Вызов осуществлен из функции main
2023-05-15 07:23:15,253 DEBUG decorators Зафиксировано обращение к функции create_response_to_client . Аргументы функции: ({'action': 'presence', 'time': 'Mon May 15 07:23:15 2023', 'user': {'account_name': 'Vadim'}},), {}.
2023-05-15 07:23:15,253 DEBUG decorators Вызов осуществлен из функции main
2023-05-15 07:23:15,453 DEBUG decorators Зафиксировано обращение к функции create_response_to_client . Аргументы функции: ({'action': 'presence', 'time': 'Mon May 15 07:23:15 2023', 'user': {'account_name': 'Vadim'}},), {}.
2023-05-15 07:23:15,454 DEBUG decorators Вызов осуществлен из функции main
2023-05-15 07:27:12,870 DEBUG decorators Зафиксировано обращение к функции create_response_to_client . Аргументы функции: ({'action': 'presence', 'time': 'Mon May 15 07:27:12 2023', 'user': {'account_name': 'Vadim'}},), {}.
2023-05-15 07:27:12,870 DEBUG decorators Вызов осуществлен из функции main
2023-05-15 07:27:23,885 DEBUG decorators Зафиксировано обращение к функции create_response_to_client . Аргументы функции: ({'action': 'presence', 'time': 'Mon May 15 07:27:21 2023', 'user': {'account_name': 'Vadim'}, 'mes': 'hi'},), {}.
2023-05-15 07:27:23,885 DEBUG decorators Вызов осуществлен из функции main
2023-05-15 07:27:46,536 DEBUG decorators Зафиксировано обращение к функции create_response_to_client . Аргументы функции: ({'action': 'presence', 'time': 'Mon May 15 07:27:23 2023', 'user': {'account_name': 'Vadim'}, 'mes': 'hello from another client '},), {}.
2023-05-15 07:27:46,536 DEBUG decorators Вызов осуществлен из функции main
2023-05-18 07:40:59,348 ERROR server Некорректно указаны порт и адрес. Присвоены стандартные значения. 
 Порт: 7777
, IP-адрес: 127.0.0.1
2023-05-18 07:40:59,348 DEBUG server Сервер ожидает подключения
2023-05-18 07:42:15,114 ERROR server Некорректно указаны порт и адрес. Присвоены стандартные значения. 
 Порт: 7777
, IP-адрес: 127.0.0.1
2023-05-18 07:42:15,114 DEBUG server Сервер ожидает подключения
2023-05-18 07:44:56,505 ERROR server Некорректно указаны порт и адрес. Присвоены стандартные значения. 
 Порт: 7777
, IP-адрес: 127.0.0.1
2023-05-18 07:44:56,505 DEBUG server Сервер ожидает подключения
2023-05-18 07:46:20,806 ERROR server Некорректно указаны порт и адрес. Присвоены стандартные значения. 
 Порт: 7777
, IP-адрес: 127.0.0.1
2023-05-18 07:46:20,806 DEBUG server Сервер ожидает подключения
2023-05-18 07:46:32,639 DEBUG decorators Зафиксировано обращение к функции create_response_to_client . Аргументы функции: ({'action': 'presence', 'time': 'Thu May 18 07:46:32 2023', 'user': {'account_name': 'Vadim'}},), {}.
2023-05-18 07:46:32,642 DEBUG decorators Вызов осуществлен из функции main
2023-05-18 07:47:39,449 ERROR server Некорректно указаны порт и адрес. Присвоены стандартные значения. 
 Порт: 7777
, IP-адрес: 127.0.0.1
