2023-05-06 14:48:21,736 ERROR client Некорректно указаны порт и адрес. Присвоены стандартные значения. 
 Порт: 7777
, IP-адрес: 127.0.0.1
2023-05-06 14:49:11,309 ERROR client Некорректно указаны порт и адрес. Присвоены стандартные значения. 
 Порт: 7777
, IP-адрес: 127.0.0.1
2023-05-06 14:49:11,309 INFO client Соединение с сервером установлено
2023-05-06 14:49:11,309 DEBUG client Получено сообщение от сервера: "Hello from server, Vadim"
2023-05-06 14:50:21,752 ERROR client Некорректно указаны порт и адрес. Присвоены стандартные значения. 
 Порт: 7777
, IP-адрес: 127.0.0.1
2023-05-06 14:50:21,752 INFO client Соединение с сервером установлено
2023-05-06 14:50:21,753 DEBUG client Получено сообщение от сервера: "Hello from server, Vadim"
2023-05-06 14:56:46,841 ERROR client Некорректно указаны порт и адрес. Присвоены стандартные значения. 
 Порт: 7777
, IP-адрес: 127.0.0.1
2023-05-06 14:56:46,841 INFO client Соединение с сервером установлено
2023-05-06 14:56:46,842 DEBUG client Получено сообщение от сервера: "Hello from server, Vadim"
2023-05-06 14:57:25,804 ERROR client Некорректно указаны порт и адрес. Присвоены стандартные значения. 
 Порт: 7777
, IP-адрес: 127.0.0.1
2023-05-06 14:57:25,804 INFO client Соединение с сервером установлено
2023-05-06 14:57:25,805 DEBUG client Получено сообщение от сервера: "Hello from server, Vadim"
2023-05-06 14:57:49,990 ERROR client Некорректно указаны порт и адрес. Присвоены стандартные значения. 
 Порт: 7777
, IP-адрес: 127.0.0.1
2023-05-06 14:57:49,991 INFO client Соединение с сервером установлено
2023-05-06 14:57:49,991 DEBUG client Получено сообщение от сервера: "Hello from server, Vadim"
2023-05-06 14:58:10,495 ERROR client Некорректно указаны порт и адрес. Присвоены стандартные значения. 
 Порт: 7777
, IP-адрес: 127.0.0.1
2023-05-06 14:58:10,496 INFO client Соединение с сервером установлено
2023-05-06 14:58:10,496 DEBUG client Получено сообщение от сервера: "Hello from server, Vadim"
2023-05-06 14:58:10,496 DEBUG decorators Зафиксировано обращение к функции resp_from_server . Аргументы функции: ({'response': 200, 'time': 'Sat May  6 14:58:10 2023', 'message': 'Hello from server, Vadim'},), {} 
2023-05-06 14:58:10,496 DEBUG decorators Зафиксировано обращение к функции main . Аргументы функции: (), {} 
2023-05-06 15:01:09,045 ERROR client Некорректно указаны порт и адрес. Присвоены стандартные значения. 
 Порт: 7777
, IP-адрес: 127.0.0.1
2023-05-06 15:01:09,045 INFO client Соединение с сервером установлено
2023-05-06 15:01:09,045 DEBUG client Получено сообщение от сервера: "Hello from server, Vadim"
2023-05-06 15:01:09,047 DEBUG decorators Зафиксировано обращение к функции resp_from_server . Аргументы функции: ({'response': 200, 'time': 'Sat May  6 15:01:09 2023', 'message': 'Hello from server, Vadim'},), {} . Вызов осуществлен из функции main
2023-05-06 15:01:09,047 DEBUG decorators Зафиксировано обращение к функции main . Аргументы функции: (), {} . Вызов осуществлен из функции <module>
2023-05-06 15:03:00,072 ERROR client Некорректно указаны порт и адрес. Присвоены стандартные значения. 
 Порт: 7777
, IP-адрес: 127.0.0.1
2023-05-06 15:03:00,072 INFO client Соединение с сервером установлено
2023-05-06 15:03:00,074 DEBUG client Получено сообщение от сервера: "Hello from server, Vadim"
2023-05-06 15:03:00,077 DEBUG decorators Зафиксировано обращение к функции resp_from_server . Аргументы функции: ({'response': 200, 'time': 'Sat May  6 15:03:00 2023', 'message': 'Hello from server, Vadim'},), {} . Вызов осуществлен из функции main
2023-05-06 15:03:00,077 DEBUG decorators Зафиксировано обращение к функции main . Аргументы функции: (), {} . Вызов осуществлен из функции <module>
2023-05-06 15:07:50,183 ERROR client Некорректно указаны порт и адрес. Присвоены стандартные значения. 
 Порт: 7777
, IP-адрес: 127.0.0.1
2023-05-06 15:07:50,183 INFO client Соединение с сервером установлено
2023-05-06 15:07:50,185 DEBUG client Получено сообщение от сервера: "Hello from server, Vadim"
2023-05-06 15:07:50,185 DEBUG decorators Зафиксировано обращение к функции resp_from_server . Аргументы функции: ({'response': 200, 'time': 'Sat May  6 15:07:50 2023', 'message': 'Hello from server, Vadim'},), {}.
2023-05-06 15:07:50,187 DEBUG decorators Вызов осуществлен из функции main
2023-05-06 15:07:50,187 DEBUG decorators Зафиксировано обращение к функции main . Аргументы функции: (), {}.
2023-05-07 15:53:54,221 ERROR client Некорректно указаны порт и адрес. Присвоены стандартные значения. 
 Порт: 7777
, IP-адрес: 127.0.0.1
2023-05-07 15:53:54,222 INFO client Соединение с сервером установлено
2023-05-07 15:55:31,392 ERROR client Некорректно указаны порт и адрес. Присвоены стандартные значения. 
 Порт: 7777
, IP-адрес: 127.0.0.1
2023-05-07 15:55:31,392 INFO client Соединение с сервером установлено
2023-05-07 15:58:49,344 ERROR client Не удалось декодировать сообщение сервера.
2023-05-07 15:58:49,344 DEBUG decorators Зафиксировано обращение к функции main . Аргументы функции: (), {}.
2023-05-07 16:02:01,246 ERROR client Некорректно указаны порт и адрес. Присвоены стандартные значения. 
 Порт: 7777
, IP-адрес: 127.0.0.1
2023-05-07 16:02:01,246 INFO client Соединение с сервером установлено
2023-05-07 16:03:43,856 ERROR client Не удалось декодировать сообщение сервера.
2023-05-07 16:03:43,857 DEBUG decorators Зафиксировано обращение к функции main . Аргументы функции: (), {}.
2023-05-07 16:07:51,641 ERROR client Некорректно указаны порт и адрес. Присвоены стандартные значения. 
 Порт: 7777
, IP-адрес: 127.0.0.1
2023-05-07 16:07:51,641 INFO client Соединение с сервером установлено
2023-05-07 16:08:09,159 ERROR client2 Некорректно указаны порт и адрес. Присвоены стандартные значения. 
 Порт: 7777
, IP-адрес: 127.0.0.1
2023-05-07 16:08:09,160 INFO client2 Соединение с сервером установлено
2023-05-07 16:12:54,267 ERROR client Некорректно указаны порт и адрес. Присвоены стандартные значения. 
 Порт: 7777
, IP-адрес: 127.0.0.1
2023-05-07 16:12:54,267 INFO client Соединение с сервером установлено
2023-05-07 16:13:34,010 ERROR client Некорректно указаны порт и адрес. Присвоены стандартные значения. 
 Порт: 7777
, IP-адрес: 127.0.0.1
2023-05-07 16:13:34,010 INFO client Соединение с сервером установлено
2023-05-07 16:13:36,467 ERROR client Некорректно указаны порт и адрес. Присвоены стандартные значения. 
 Порт: 7777
, IP-адрес: 127.0.0.1
2023-05-07 16:13:36,467 INFO client Соединение с сервером установлено
2023-05-07 16:13:38,617 ERROR client Некорректно указаны порт и адрес. Присвоены стандартные значения. 
 Порт: 7777
, IP-адрес: 127.0.0.1
2023-05-07 16:13:38,617 INFO client Соединение с сервером установлено
2023-05-07 16:13:40,047 ERROR client Некорректно указаны порт и адрес. Присвоены стандартные значения. 
 Порт: 7777
, IP-адрес: 127.0.0.1
2023-05-07 16:13:40,047 INFO client Соединение с сервером установлено
2023-05-07 16:13:41,419 ERROR client Некорректно указаны порт и адрес. Присвоены стандартные значения. 
 Порт: 7777
, IP-адрес: 127.0.0.1
2023-05-07 16:13:41,419 INFO client Соединение с сервером установлено
2023-05-07 16:13:42,818 ERROR client Некорректно указаны порт и адрес. Присвоены стандартные значения. 
 Порт: 7777
, IP-адрес: 127.0.0.1
2023-05-07 16:13:42,818 INFO client Соединение с сервером установлено
2023-05-07 16:13:44,407 ERROR client Некорректно указаны порт и адрес. Присвоены стандартные значения. 
 Порт: 7777
, IP-адрес: 127.0.0.1
2023-05-07 16:13:44,407 INFO client Соединение с сервером установлено
2023-05-07 16:13:46,348 ERROR client Некорректно указаны порт и адрес. Присвоены стандартные значения. 
 Порт: 7777
, IP-адрес: 127.0.0.1
2023-05-07 16:13:46,348 INFO client Соединение с сервером установлено
2023-05-07 16:14:06,039 ERROR client Некорректно указаны порт и адрес. Присвоены стандартные значения. 
 Порт: 7777
, IP-адрес: 127.0.0.1
2023-05-07 16:14:06,039 INFO client Соединение с сервером установлено
2023-05-07 16:14:39,838 ERROR client Некорректно указаны порт и адрес. Присвоены стандартные значения. 
 Порт: 7777
, IP-адрес: 127.0.0.1
2023-05-07 16:14:55,129 ERROR client Некорректно указаны порт и адрес. Присвоены стандартные значения. 
 Порт: 7777
, IP-адрес: 127.0.0.1
2023-05-07 16:14:55,129 INFO client Соединение с сервером установлено
2023-05-07 16:14:58,959 ERROR client2 Некорректно указаны порт и адрес. Присвоены стандартные значения. 
 Порт: 7777
, IP-адрес: 127.0.0.1
2023-05-07 16:14:58,959 INFO client2 Соединение с сервером установлено
2023-05-07 16:19:26,958 ERROR client2 Не удалось декодировать сообщение сервера.
2023-05-07 16:19:26,958 ERROR client Не удалось декодировать сообщение сервера.
2023-05-07 16:23:36,136 ERROR client Некорректно указаны порт и адрес. Присвоены стандартные значения. 
 Порт: 7777
, IP-адрес: 127.0.0.1
2023-05-07 16:23:36,136 INFO client Соединение с сервером установлено
2023-05-07 16:23:45,725 ERROR client2 Некорректно указаны порт и адрес. Присвоены стандартные значения. 
 Порт: 7777
, IP-адрес: 127.0.0.1
2023-05-07 16:23:45,726 INFO client2 Соединение с сервером установлено
2023-05-07 16:24:50,805 ERROR client2 Не удалось декодировать сообщение сервера.
2023-05-07 16:24:50,805 ERROR client Не удалось декодировать сообщение сервера.
2023-05-07 16:34:27,934 ERROR client Некорректно указаны порт и адрес. Присвоены стандартные значения. 
 Порт: 7777
, IP-адрес: 127.0.0.1
2023-05-07 16:34:27,935 INFO client Соединение с сервером установлено
2023-05-07 16:36:39,802 ERROR client Некорректно указаны порт и адрес. Присвоены стандартные значения. 
 Порт: 7777
, IP-адрес: 127.0.0.1
2023-05-07 16:36:39,803 INFO client Соединение с сервером установлено
2023-05-07 16:38:50,871 ERROR client Не удалось декодировать сообщение сервера.
2023-05-07 16:47:17,798 ERROR client Некорректно указаны порт и адрес. Присвоены стандартные значения. 
 Порт: 7777
, IP-адрес: 127.0.0.1
2023-05-07 16:47:17,798 INFO client Соединение с сервером установлено
2023-05-07 16:59:16,316 ERROR client Некорректно указаны порт и адрес. Присвоены стандартные значения. 
 Порт: 7777
, IP-адрес: 127.0.0.1
2023-05-07 16:59:16,316 INFO client Соединение с сервером установлено
2023-05-07 16:59:19,527 DEBUG client Получено сообщение от сервера: "Hello from server, Vadim"
2023-05-07 16:59:19,527 DEBUG decorators Зафиксировано обращение к функции resp_from_server . Аргументы функции: ({'message': 'Hello from server, Vadim', 'response': 200, 'time': 1683467959.5273428},), {}.
2023-05-07 16:59:19,530 DEBUG decorators Вызов осуществлен из функции main
2023-05-07 17:05:40,216 ERROR client2 Некорректно указаны порт и адрес. Присвоены стандартные значения. 
 Порт: 7777
, IP-адрес: 127.0.0.1
2023-05-07 17:05:40,216 INFO client2 Соединение с сервером установлено
2023-05-07 17:14:48,384 ERROR client2 Некорректно указаны порт и адрес. Присвоены стандартные значения. 
 Порт: 7777
, IP-адрес: 127.0.0.1
2023-05-07 17:14:48,384 INFO client2 Соединение с сервером установлено
2023-05-07 17:14:48,586 DEBUG client2 Получено сообщение от сервера: "Hello from server, Vadim"
2023-05-07 17:14:48,586 DEBUG decorators Зафиксировано обращение к функции resp_from_server . Аргументы функции: ({'message': 'Hello from server, Vadim', 'response': 200, 'time': 1683468888.5858192},), {}.
2023-05-07 17:14:48,589 DEBUG decorators Вызов осуществлен из функции main
2023-05-07 17:17:10,210 ERROR client Некорректно указаны порт и адрес. Присвоены стандартные значения. 
 Порт: 7777
, IP-адрес: 127.0.0.1
2023-05-07 17:17:10,210 INFO client Соединение с сервером установлено
2023-05-07 17:17:16,822 DEBUG client Получено сообщение от сервера: "Hello from server, Vadim"
2023-05-07 17:17:16,823 DEBUG decorators Зафиксировано обращение к функции resp_from_server . Аргументы функции: ({'message': 'Hello from server, Vadim', 'response': 200, 'time': 1683469036.8228223},), {}.
2023-05-07 17:17:16,826 DEBUG decorators Вызов осуществлен из функции main
2023-05-07 17:26:23,104 ERROR client2 Некорректно указаны порт и адрес. Присвоены стандартные значения. 
 Порт: 7777
, IP-адрес: 127.0.0.1
2023-05-07 17:26:23,104 INFO client2 Соединение с сервером установлено
2023-05-07 17:26:23,308 DEBUG client2 Получено сообщение от сервера: "Hello from server, Vadim"
2023-05-07 17:26:23,308 DEBUG decorators Зафиксировано обращение к функции resp_from_server . Аргументы функции: ({'message': 'Hello from server, Vadim', 'response': 200, 'time': 1683469583.3083012},), {}.
2023-05-07 17:26:23,311 DEBUG decorators Вызов осуществлен из функции main
2023-05-07 17:26:31,181 ERROR client Некорректно указаны порт и адрес. Присвоены стандартные значения. 
 Порт: 7777
, IP-адрес: 127.0.0.1
2023-05-07 17:26:31,181 INFO client Соединение с сервером установлено
2023-05-07 17:28:30,096 ERROR client Некорректно указаны порт и адрес. Присвоены стандартные значения. 
 Порт: 7777
, IP-адрес: 127.0.0.1
2023-05-07 17:28:30,096 INFO client Соединение с сервером установлено
2023-05-07 17:35:50,401 ERROR client2 Некорректно указаны порт и адрес. Присвоены стандартные значения. 
 Порт: 7777
, IP-адрес: 127.0.0.1
2023-05-07 17:35:50,402 INFO client2 Соединение с сервером установлено
2023-05-07 17:35:50,605 DEBUG client2 Получено сообщение от сервера: "Hello from server, Vadim"
2023-05-07 17:35:50,605 DEBUG decorators Зафиксировано обращение к функции resp_from_server . Аргументы функции: ({'message': 'Hello from server, Vadim', 'response': 200, 'time': 1683470150.6053388},), {}.
2023-05-07 17:35:50,608 DEBUG decorators Вызов осуществлен из функции main
2023-05-07 17:39:08,622 ERROR client2 Некорректно указаны порт и адрес. Присвоены стандартные значения. 
 Порт: 7777
, IP-адрес: 127.0.0.1
2023-05-07 17:39:08,622 INFO client2 Соединение с сервером установлено
2023-05-07 17:39:08,826 DEBUG client2 Получено сообщение от сервера: "Hello from server, Vadim"
2023-05-07 17:39:08,827 DEBUG decorators Зафиксировано обращение к функции resp_from_server . Аргументы функции: ({'message': 'Hello from server, Vadim', 'response': 200, 'time': 1683470348.8267798},), {}.
2023-05-07 17:39:08,830 DEBUG decorators Вызов осуществлен из функции main
2023-05-07 17:39:14,412 ERROR client Некорректно указаны порт и адрес. Присвоены стандартные значения. 
 Порт: 7777
, IP-адрес: 127.0.0.1
2023-05-07 17:39:14,412 INFO client Соединение с сервером установлено
2023-05-07 17:39:22,427 DEBUG client2 Получено сообщение от сервера: "Hello from server, Vadim"
2023-05-07 17:39:22,428 DEBUG client Получено сообщение от сервера: "Hello from server, Vadim"
2023-05-07 17:39:22,428 DEBUG decorators Зафиксировано обращение к функции resp_from_server . Аргументы функции: ({'message': 'Hello from server, Vadim', 'response': 200, 'time': 1683470362.4278326},), {}.
2023-05-07 17:39:22,428 DEBUG decorators Зафиксировано обращение к функции resp_from_server . Аргументы функции: ({'message': 'Hello from server, Vadim', 'response': 200, 'time': 1683470362.4278326},), {}.
2023-05-07 17:39:22,428 DEBUG decorators Вызов осуществлен из функции main
2023-05-07 17:39:22,431 DEBUG decorators Вызов осуществлен из функции main
2023-05-07 17:39:49,079 DEBUG client2 Получено сообщение от сервера: "Hello from server, Vadim"
2023-05-07 17:39:49,079 DEBUG decorators Зафиксировано обращение к функции resp_from_server . Аргументы функции: ({'message': 'Hello from server, Vadim', 'response': 200, 'time': 1683470389.0794284},), {}.
2023-05-07 17:39:49,079 DEBUG decorators Вызов осуществлен из функции main
2023-05-07 17:46:50,748 ERROR client Некорректно указаны порт и адрес. Присвоены стандартные значения. 
 Порт: 7777
, IP-адрес: 127.0.0.1
2023-05-07 17:46:50,749 INFO client Соединение с сервером установлено
2023-05-07 17:46:57,811 ERROR client2 Некорректно указаны порт и адрес. Присвоены стандартные значения. 
 Порт: 7777
, IP-адрес: 127.0.0.1
2023-05-07 17:46:57,811 INFO client2 Соединение с сервером установлено
2023-05-07 17:46:58,014 DEBUG client2 Получено сообщение от сервера: "Hello from server, Vadim"
2023-05-07 17:46:58,014 DEBUG decorators Зафиксировано обращение к функции resp_from_server . Аргументы функции: ({'message': 'Hello from server, Vadim', 'response': 200, 'time': 1683470818.0143073},), {}.
2023-05-07 17:46:58,016 DEBUG decorators Вызов осуществлен из функции main
2023-05-07 17:47:05,266 DEBUG client Получено сообщение от сервера: "Hello from server, Vadim"
2023-05-07 17:47:05,266 DEBUG decorators Зафиксировано обращение к функции resp_from_server . Аргументы функции: ({'message': 'Hello from server, Vadim', 'response': 200, 'time': 1683470818.0143073},), {}.
2023-05-07 17:47:05,269 DEBUG decorators Вызов осуществлен из функции main
2023-05-07 17:48:40,747 ERROR client Некорректно указаны порт и адрес. Присвоены стандартные значения. 
 Порт: 7777
, IP-адрес: 127.0.0.1
2023-05-07 17:48:40,747 INFO client Соединение с сервером установлено
2023-05-07 17:48:42,353 DEBUG client Получено сообщение от сервера: "Hello from server, Vadim"
2023-05-07 17:48:42,353 DEBUG decorators Зафиксировано обращение к функции resp_from_server . Аргументы функции: ({'message': 'Hello from server, Vadim', 'response': 200, 'time': 1683470922.3537092},), {}.
2023-05-07 17:48:42,356 DEBUG decorators Вызов осуществлен из функции main
2023-05-07 17:48:47,437 ERROR client2 Некорректно указаны порт и адрес. Присвоены стандартные значения. 
 Порт: 7777
, IP-адрес: 127.0.0.1
2023-05-07 17:48:47,437 INFO client2 Соединение с сервером установлено
2023-05-07 17:48:47,639 DEBUG client2 Получено сообщение от сервера: "Hello from server, Vadim"
2023-05-07 17:48:47,639 DEBUG decorators Зафиксировано обращение к функции resp_from_server . Аргументы функции: ({'message': 'Hello from server, Vadim', 'response': 200, 'time': 1683470927.638902},), {}.
2023-05-07 17:48:47,642 DEBUG decorators Вызов осуществлен из функции main
2023-05-07 17:50:44,011 ERROR client Некорректно указаны порт и адрес. Присвоены стандартные значения. 
 Порт: 7777
, IP-адрес: 127.0.0.1
2023-05-07 17:50:44,011 INFO client Соединение с сервером установлено
2023-05-07 17:50:50,411 ERROR client2 Некорректно указаны порт и адрес. Присвоены стандартные значения. 
 Порт: 7777
, IP-адрес: 127.0.0.1
2023-05-07 17:50:50,412 INFO client2 Соединение с сервером установлено
2023-05-07 17:50:50,616 DEBUG client2 Получено сообщение от сервера: "Hello from server, Vadim"
2023-05-07 17:50:50,616 DEBUG decorators Зафиксировано обращение к функции resp_from_server . Аргументы функции: ({'message': 'Hello from server, Vadim', 'response': 200, 'time': 1683471050.616012},), {}.
2023-05-07 17:50:50,619 DEBUG decorators Вызов осуществлен из функции main
2023-05-07 17:50:57,008 DEBUG client Получено сообщение от сервера: "Hello from server, Vadim"
2023-05-07 17:50:57,008 DEBUG decorators Зафиксировано обращение к функции resp_from_server . Аргументы функции: ({'message': 'Hello from server, Vadim', 'response': 200, 'time': 1683471050.616012},), {}.
2023-05-07 17:50:57,010 DEBUG decorators Вызов осуществлен из функции main
2023-05-07 17:52:50,886 ERROR client2 Некорректно указаны порт и адрес. Присвоены стандартные значения. 
 Порт: 7777
, IP-адрес: 127.0.0.1
2023-05-07 17:52:50,886 INFO client2 Соединение с сервером установлено
2023-05-07 17:52:51,090 DEBUG client2 Получено сообщение от сервера: "Hello from server, Vadim"
2023-05-07 17:52:51,090 DEBUG decorators Зафиксировано обращение к функции resp_from_server . Аргументы функции: ({'message': 'Hello from server, Vadim', 'response': 200, 'time': 1683471171.090507},), {}.
2023-05-07 17:52:51,094 DEBUG decorators Вызов осуществлен из функции main
2023-05-07 17:52:56,583 ERROR client Некорректно указаны порт и адрес. Присвоены стандартные значения. 
 Порт: 7777
, IP-адрес: 127.0.0.1
2023-05-07 17:52:56,583 INFO client Соединение с сервером установлено
2023-05-07 17:53:01,192 DEBUG client2 Получено сообщение от сервера: "Hello from server, Vadim"
2023-05-07 17:53:01,192 DEBUG client Получено сообщение от сервера: "Hello from server, Vadim"
2023-05-07 17:53:01,192 DEBUG decorators Зафиксировано обращение к функции resp_from_server . Аргументы функции: ({'message': 'Hello from server, Vadim', 'response': 200, 'time': 1683471181.1918917},), {}.
2023-05-07 17:53:01,192 DEBUG decorators Зафиксировано обращение к функции resp_from_server . Аргументы функции: ({'message': 'Hello from server, Vadim', 'response': 200, 'time': 1683471181.1918917},), {}.
2023-05-07 17:53:01,192 DEBUG decorators Вызов осуществлен из функции main
2023-05-07 17:53:01,194 DEBUG decorators Вызов осуществлен из функции main
2023-05-07 17:53:08,605 DEBUG client2 Получено сообщение от сервера: "Hello from server, Vadim"
2023-05-07 17:53:08,605 DEBUG decorators Зафиксировано обращение к функции resp_from_server . Аргументы функции: ({'message': 'Hello from server, Vadim', 'response': 200, 'time': 1683471188.6049845},), {}.
2023-05-07 17:53:08,605 DEBUG decorators Вызов осуществлен из функции main
2023-05-07 17:53:47,193 ERROR client2 Некорректно указаны порт и адрес. Присвоены стандартные значения. 
 Порт: 7777
, IP-адрес: 127.0.0.1
2023-05-07 17:53:47,193 INFO client2 Соединение с сервером установлено
2023-05-07 17:53:47,397 DEBUG client2 Получено сообщение от сервера: "Hello from server, Vadim"
2023-05-07 17:53:47,397 DEBUG decorators Зафиксировано обращение к функции resp_from_server . Аргументы функции: ({'message': 'Hello from server, Vadim', 'response': 200, 'time': 1683471227.3973124},), {}.
2023-05-07 17:53:47,400 DEBUG decorators Вызов осуществлен из функции main
2023-05-07 17:53:52,881 ERROR client Некорректно указаны порт и адрес. Присвоены стандартные значения. 
 Порт: 7777
, IP-адрес: 127.0.0.1
2023-05-07 17:53:52,881 INFO client Соединение с сервером установлено
2023-05-07 17:53:55,687 DEBUG client Получено сообщение от сервера: "Hello from server, Vadim"
2023-05-07 17:53:55,687 DEBUG client2 Получено сообщение от сервера: "Hello from server, Vadim"
2023-05-07 17:53:55,687 DEBUG decorators Зафиксировано обращение к функции resp_from_server . Аргументы функции: ({'message': 'Hello from server, Vadim', 'response': 200, 'time': 1683471235.687039},), {}.
2023-05-07 17:53:55,687 DEBUG decorators Зафиксировано обращение к функции resp_from_server . Аргументы функции: ({'message': 'Hello from server, Vadim', 'response': 200, 'time': 1683471235.687039},), {}.
2023-05-07 17:53:55,687 DEBUG decorators Вызов осуществлен из функции main
2023-05-07 17:53:55,689 DEBUG decorators Вызов осуществлен из функции main
2023-05-07 17:54:01,899 DEBUG client2 Получено сообщение от сервера: "Hello from server, Vadim"
2023-05-07 17:54:01,899 DEBUG decorators Зафиксировано обращение к функции resp_from_server . Аргументы функции: ({'message': 'Hello from server, Vadim', 'response': 200, 'time': 1683471241.8994908},), {}.
2023-05-07 17:54:01,900 DEBUG decorators Вызов осуществлен из функции main
2023-05-07 17:54:55,787 ERROR client2 Некорректно указаны порт и адрес. Присвоены стандартные значения. 
 Порт: 7777
, IP-адрес: 127.0.0.1
2023-05-07 17:54:55,787 INFO client2 Соединение с сервером установлено
2023-05-07 17:54:55,992 DEBUG client2 Получено сообщение от сервера: "Hello from server, Vadim"
2023-05-07 17:54:55,992 DEBUG decorators Зафиксировано обращение к функции resp_from_server . Аргументы функции: ({'message': 'Hello from server, Vadim', 'response': 200, 'time': 1683471295.9920223},), {}.
2023-05-07 17:54:55,995 DEBUG decorators Вызов осуществлен из функции main
2023-05-07 17:55:02,181 ERROR client Некорректно указаны порт и адрес. Присвоены стандартные значения. 
 Порт: 7777
, IP-адрес: 127.0.0.1
2023-05-07 17:55:02,182 INFO client Соединение с сервером установлено
2023-05-07 17:55:04,788 DEBUG client2 Получено сообщение от сервера: "Message from client to server: 105"
2023-05-07 17:55:04,788 DEBUG client Получено сообщение от сервера: "Message from client to server: 105"
2023-05-07 17:55:04,788 DEBUG decorators Зафиксировано обращение к функции resp_from_server . Аргументы функции: ({'message': 'Message from client to server: 105', 'response': 200, 'time': 1683471304.788336},), {}.
2023-05-07 17:55:04,788 DEBUG decorators Зафиксировано обращение к функции resp_from_server . Аргументы функции: ({'message': 'Message from client to server: 105', 'response': 200, 'time': 1683471304.788336},), {}.
2023-05-07 17:55:04,788 DEBUG decorators Вызов осуществлен из функции main
2023-05-07 17:55:04,791 DEBUG decorators Вызов осуществлен из функции main
2023-05-07 17:55:32,853 DEBUG client2 Получено сообщение от сервера: "Message from client to server: hello"
2023-05-07 17:55:32,853 DEBUG decorators Зафиксировано обращение к функции resp_from_server . Аргументы функции: ({'message': 'Message from client to server: hello', 'response': 200, 'time': 1683471332.8533888},), {}.
2023-05-07 17:55:32,853 DEBUG decorators Вызов осуществлен из функции main
2023-05-07 17:57:21,047 ERROR client_listener Некорректно указаны порт и адрес. Присвоены стандартные значения. 
 Порт: 7777
, IP-адрес: 127.0.0.1
2023-05-07 17:57:21,047 INFO client_listener Соединение с сервером установлено
2023-05-07 17:57:21,250 DEBUG client_listener Получено сообщение от сервера: "Hello from server, Vadim"
2023-05-07 17:57:21,251 DEBUG decorators Зафиксировано обращение к функции resp_from_server . Аргументы функции: ({'message': 'Hello from server, Vadim', 'response': 200, 'time': 1683471441.2508223},), {}.
2023-05-07 17:57:21,253 DEBUG decorators Вызов осуществлен из функции main
2023-05-07 17:57:29,227 ERROR client_input Некорректно указаны порт и адрес. Присвоены стандартные значения. 
 Порт: 7777
, IP-адрес: 127.0.0.1
2023-05-07 17:57:29,227 INFO client_input Соединение с сервером установлено
2023-05-07 17:57:36,240 DEBUG client_listener Получено сообщение от сервера: "Message from another client to server: hi"
2023-05-07 17:57:36,240 DEBUG client_input Получено сообщение от сервера: "Message from another client to server: hi"
2023-05-07 17:57:36,240 DEBUG decorators Зафиксировано обращение к функции resp_from_server . Аргументы функции: ({'message': 'Message from another client to server: hi', 'response': 200, 'time': 1683471456.2405455},), {}.
2023-05-07 17:57:36,240 DEBUG decorators Зафиксировано обращение к функции resp_from_server . Аргументы функции: ({'message': 'Message from another client to server: hi', 'response': 200, 'time': 1683471456.2405455},), {}.
2023-05-07 17:57:36,241 DEBUG decorators Вызов осуществлен из функции main
2023-05-07 17:57:36,243 DEBUG decorators Вызов осуществлен из функции main
